--------------------------★★★★★★
记录时间：           2020-06-17 19:18:57,530 
线程ID:[5]            
日志级别：ERROR           
记录类：OrderMeal              
操作者ID：(null)            
操作类型：(null)                  
当前机器名:{log4net:Identity=, log4net:UserName=DESKTOP-38CG3V0\Administrator, log4net:HostName=DESKTOP-38CG3V0}           
当前机器名及登录用户：DESKTOP-38CG3V0\Administrator            
记录位置：WebApplication1.Controllers.HomeController.Index(D:\GitHub\netTemplateMVC\WebApplication1\Controllers\HomeController.cs:21)           
消息描述：(null)           
异常：           
消息：未将对象引用设置到对象的实例。,“Framework.LogManager”的类型初始值设定项引发异常。,   在 Framework.LogManager..ctor()
   在 WebApplication1.Controllers.HomeController.aa() 位置 D:\GitHub\netTemplateMVC\WebApplication1\Controllers\HomeController.cs:行号 27
   在 WebApplication1.Controllers.HomeController.Index() 位置 D:\GitHub\netTemplateMVC\WebApplication1\Controllers\HomeController.cs:行号 17


记录时间：           2020-06-17 19:19:50,409 
线程ID:[5]            
日志级别：ERROR           
记录类：OrderMeal              
操作者ID：(null)            
操作类型：(null)                  
当前机器名:{log4net:Identity=, log4net:UserName=DESKTOP-38CG3V0\Administrator, log4net:HostName=DESKTOP-38CG3V0}           
当前机器名及登录用户：DESKTOP-38CG3V0\Administrator            
记录位置：WebApplication1.Controllers.HomeController.Index(D:\GitHub\netTemplateMVC\WebApplication1\Controllers\HomeController.cs:21)           
消息描述：(null)           
异常：           
消息：未将对象引用设置到对象的实例。,“Framework.LogManager”的类型初始值设定项引发异常。,   在 Framework.LogManager..ctor()
   在 WebApplication1.Controllers.HomeController.aa() 位置 D:\GitHub\netTemplateMVC\WebApplication1\Controllers\HomeController.cs:行号 27
   在 WebApplication1.Controllers.HomeController.Index() 位置 D:\GitHub\netTemplateMVC\WebApplication1\Controllers\HomeController.cs:行号 17

           
------------------------------------------------★★★★★★           
记录时间：           2020-06-17 19:22:20,057 
线程ID:[6]            
日志级别：ERROR           
记录类：OrderMeal              
操作者ID：(null)            
操作类型：(null)                  
当前机器名:{log4net:Identity=, log4net:UserName=DESKTOP-38CG3V0\Administrator, log4net:HostName=DESKTOP-38CG3V0}           
当前机器名及登录用户：DESKTOP-38CG3V0\Administrator            
记录位置：WebApplication1.Controllers.HomeController.Index(D:\GitHub\netTemplateMVC\WebApplication1\Controllers\HomeController.cs:21)           
消息描述：(null)           
异常：           
消息：未将对象引用设置到对象的实例。,“Framework.LogManager”的类型初始值设定项引发异常。,   在 Framework.LogManager..ctor()
   在 WebApplication1.Controllers.HomeController.aa() 位置 D:\GitHub\netTemplateMVC\WebApplication1\Controllers\HomeController.cs:行号 27
   在 WebApplication1.Controllers.HomeController.Index() 位置 D:\GitHub\netTemplateMVC\WebApplication1\Controllers\HomeController.cs:行号 17
           
------------------------------------------------★★★★★★